Tue Jul 13 20:48:32 2021.389604 python@7f0d93defca3[2465] set_robust_list(0x7f0d94609a20, 24) = 0
Tue Jul 13 20:48:32 2021.389646 python@7f0d940ee937[2465] getpid() = 2465
Tue Jul 13 20:48:32 2021.389717 python@7f0d941199a4[2465] close(6) = 0
Tue Jul 13 20:48:32 2021.390003 python@7f0d940edc07[2465] execve("/usr/local/sbin/sh", ["sh", "-c", "/tmp/experiment.sh"], ["LS_COLORS=rs=0:di=01;34:ln=01;36:mh=00:pi=40;33:so=01;35:do=01;35:bd=40;33;01:cd=40;33;01:or=40;31;01:mi=00:su=37;41:sg=30;43:ca=30;41:tw=30;42:ow=34;42:st=37;44:ex=01;32:*.tar=01;31:*.tgz=01;31:*.arc=01;31:*.arj=01;31:*.taz=01;31:*.lha=01;31:*.lz4=01;31:*.lzh=01;31:*.lzma=01;31:*.tlz=01;31:*.txz=01;31:*.tzo=01;31:*.t7z=01;31:*.zip=01;31:*.z=01;31:*.Z=01;31:*.dz=01;31:*.gz=01;31:*.lrz=01;31:*.lz=01;31:*.lzo=01;31:*.xz=01;31:*.zst=01;31:*.tzst=01;3) = -2 (ENOENT)
Tue Jul 13 20:48:32 2021.390188 python@7f0d940edc07[2465] execve("/usr/local/bin/sh", ["sh", "-c", "/tmp/experiment.sh"], ["LS_COLORS=rs=0:di=01;34:ln=01;36:mh=00:pi=40;33:so=01;35:do=01;35:bd=40;33;01:cd=40;33;01:or=40;31;01:mi=00:su=37;41:sg=30;43:ca=30;41:tw=30;42:ow=34;42:st=37;44:ex=01;32:*.tar=01;31:*.tgz=01;31:*.arc=01;31:*.arj=01;31:*.taz=01;31:*.lha=01;31:*.lz4=01;31:*.lzh=01;31:*.lzma=01;31:*.tlz=01;31:*.txz=01;31:*.tzo=01;31:*.t7z=01;31:*.zip=01;31:*.z=01;31:*.Z=01;31:*.dz=01;31:*.gz=01;31:*.lrz=01;31:*.lz=01;31:*.lzo=01;31:*.xz=01;31:*.zst=01;31:*.tzst=01;31) = -2 (ENOENT)
Tue Jul 13 20:48:32 2021.390252 python@7f0d940edc07[2465] execve("/usr/sbin/sh", ["sh", "-c", "/tmp/experiment.sh"], ["LS_COLORS=rs=0:di=01;34:ln=01;36:mh=00:pi=40;33:so=01;35:do=01;35:bd=40;33;01:cd=40;33;01:or=40;31;01:mi=00:su=37;41:sg=30;43:ca=30;41:tw=30;42:ow=34;42:st=37;44:ex=01;32:*.tar=01;31:*.tgz=01;31:*.arc=01;31:*.arj=01;31:*.taz=01;31:*.lha=01;31:*.lz4=01;31:*.lzh=01;31:*.lzma=01;31:*.tlz=01;31:*.txz=01;31:*.tzo=01;31:*.t7z=01;31:*.zip=01;31:*.z=01;31:*.Z=01;31:*.dz=01;31:*.gz=01;31:*.lrz=01;31:*.lz=01;31:*.lzo=01;31:*.xz=01;31:*.zst=01;31:*.tzst=01;31:*.bz) = -2 (ENOENT)
Tue Jul 13 20:48:32 2021.390292 python@7f0d940edc07[2465] execve("/usr/bin/sh", ["sh", "-c", "/tmp/experiment.sh"], ["LS_COLORS=rs=0:di=01;34:ln=01;36:mh=00:pi=40;33:so=01;35:do=01;35:bd=40;33;01:cd=40;33;01:or=40;31;01:mi=00:su=37;41:sg=30;43:ca=30;41:tw=30;42:ow=34;42:st=37;44:ex=01;32:*.tar=01;31:*.tgz=01;31:*.arc=01;31:*.arj=01;31:*.taz=01;31:*.lha=01;31:*.lz4=01;31:*.lzh=01;31:*.lzma=01;31:*.tlz=01;31:*.txz=01;31:*.tzo=01;31:*.t7z=01;31:*.zip=01;31:*.z=01;31:*.Z=01;31:*.dz=01;31:*.gz=01;31:*.lrz=01;31:*.lz=01;31:*.lzo=01;31:*.xz=01;31:*.zst=01;31:*.tzst=01;31:*.bz2) = -2 (ENOENT)
Tue Jul 13 20:48:32 2021.390329 python@7f0d940edc07[2465] execve("/sbin/sh", ["sh", "-c", "/tmp/experiment.sh"], ["LS_COLORS=rs=0:di=01;34:ln=01;36:mh=00:pi=40;33:so=01;35:do=01;35:bd=40;33;01:cd=40;33;01:or=40;31;01:mi=00:su=37;41:sg=30;43:ca=30;41:tw=30;42:ow=34;42:st=37;44:ex=01;32:*.tar=01;31:*.tgz=01;31:*.arc=01;31:*.arj=01;31:*.taz=01;31:*.lha=01;31:*.lz4=01;31:*.lzh=01;31:*.lzma=01;31:*.tlz=01;31:*.txz=01;31:*.tzo=01;31:*.t7z=01;31:*.zip=01;31:*.z=01;31:*.Z=01;31:*.dz=01;31:*.gz=01;31:*.lrz=01;31:*.lz=01;31:*.lzo=01;31:*.xz=01;31:*.zst=01;31:*.tzst=01;31:*.bz2=01) = -2 (ENOENT)
Tue Jul 13 20:48:32 2021.390366 sh@7f3f847e30a9[2465] execve("/bin/sh", ["sh", "-c", "/tmp/experiment.sh"], ["LS_COLORS=rs=0:di=01;34:ln=01;36:mh=00:pi=40;33:so=01;35:do=01;35:bd=40;33;01:cd=40;33;01:or=40;31;01:mi=00:su=37;41:sg=30;43:ca=30;41:tw=30;42:ow=34;42:st=37;44:ex=01;32:*.tar=01;31:*.tgz=01;31:*.arc=01;31:*.arj=01;31:*.taz=01;31:*.lha=01;31:*.lz4=01;31:*.lzh=01;31:*.lzma=01;31:*.tlz=01;31:*.txz=01;31:*.tzo=01;31:*.t7z=01;31:*.zip=01;31:*.z=01;31:*.Z=01;31:*.dz=01;31:*.gz=01;31:*.lrz=01;31:*.lz=01;31:*.lzo=01;31:*.xz=01;31:*.zst=01;31:*.tzst=01;31:*.bz2=01;)
Tue Jul 13 20:48:32 2021.392042 sh@7f3f847e30a9[2465] brk(0x0) = 94713177944064
Tue Jul 13 20:48:32 2021.392081 sh@7f3f847d696e[2465] access("/etc/ld.so.nohwcap", F_OK) = -2 (ENOENT)
Tue Jul 13 20:48:32 2021.392096 sh@7f3f847e4007[2465] access("/etc/ld.so.preload", R_OK) = -2 (ENOENT)
Tue Jul 13 20:48:32 2021.392112 sh@7f3f847e3ebd[2465] openat(AT_FDCWD, "/etc/ld.so.cache", O_RDONLY|O_CLOEXEC) = 3
Tue Jul 13 20:48:32 2021.392124 sh@7f3f847e3e23[2465] fstat(3, 0x7ffcf43faf00) = 0
Tue Jul 13 20:48:32 2021.392135 sh@7f3f847e4123[2465] mmap2(0x0, 77349, PROT_READ, MAP_PRIVATE, 3, 0) = 0x7f3f849dd000
Tue Jul 13 20:48:32 2021.392148 sh@7f3f847e40b7[2465] close(3) = 0
Tue Jul 13 20:48:32 2021.392159 sh@7f3f847df2d9[2465] access("/etc/ld.so.nohwcap", F_OK) = -2 (ENOENT)
Tue Jul 13 20:48:32 2021.392173 sh@7f3f847e3ebd[2465] openat(AT_FDCWD, "/lib/x86_64-linux-gnu/libc.so.6", O_RDONLY|O_CLOEXEC) = 3
Tue Jul 13 20:48:32 2021.392186 sh@7f3f847e3f84[2465] read(3, 0x7ffcf43fb0c8, 832) = 832
Tue Jul 13 20:48:32 2021.392196 sh@7f3f847e3e23[2465] fstat(3, 0x7ffcf43faf60) = 0
Tue Jul 13 20:48:32 2021.392205 sh@7f3f847e4123[2465] mmap2(0x0, 8192, PROT_READ|PROT_WRITE, MAP_PRIVATE|MAP_ANONYMOUS, -1, 0) = 0x7f3f849db000
Tue Jul 13 20:48:32 2021.392219 sh@7f3f847e4123[2465] mmap2(0x0, 4131552, PROT_READ|PROT_EXEC, MAP_PRIVATE|MAP_DENYWRITE, 3, 0) = 0x7f3f843d6000
Tue Jul 13 20:48:32 2021.392233 sh@7f3f847e41d7[2465] mprotect(0x7f3f845bd000, 2097152, PROT_NONE) = 0
Tue Jul 13 20:48:32 2021.392252 sh@7f3f847e4123[2465] mmap2(0x7f3f847bd000, 24576, PROT_READ|PROT_WRITE, MAP_PRIVATE|MAP_FIXED|MAP_DENYWRITE, 3, 1994752) = 0x7f3f847bd000
Tue Jul 13 20:48:32 2021.392271 sh@7f3f847e4123[2465] mmap2(0x7f3f847c3000, 15072, PROT_READ|PROT_WRITE, MAP_PRIVATE|MAP_FIXED|MAP_ANONYMOUS, -1, 0) = 0x7f3f847c3000
Tue Jul 13 20:48:32 2021.392289 sh@7f3f847e40b7[2465] close(3) = 0
Tue Jul 13 20:48:32 2021.392311 sh@7f3f847c8024[2465] arch_prctl(ARCH_SET_FS, 139910784599360) = 0
Tue Jul 13 20:48:32 2021.392369 sh@7f3f847e41d7[2465] mprotect(0x7f3f847bd000, 16384, PROT_READ) = 0
Tue Jul 13 20:48:32 2021.392410 sh@7f3f847e41d7[2465] mprotect(0x56242054e000, 8192, PROT_READ) = 0
Tue Jul 13 20:48:32 2021.392425 sh@7f3f847e41d7[2465] mprotect(0x7f3f849f0000, 4096, PROT_READ) = 0
Tue Jul 13 20:48:32 2021.392441 sh@7f3f847e41b7[2465] munmap(0x7f3f849dd000, 77349) = 0
Tue Jul 13 20:48:32 2021.392497 sh@7f3f844bb957[2465] getuid() = 0
Tue Jul 13 20:48:32 2021.392507 sh@7f3f844bb977[2465] getgid() = 0
Tue Jul 13 20:48:32 2021.392518 sh@7f3f844bb937[2465] getpid() = 2465
Tue Jul 13 20:48:32 2021.392545 sh@7f3f8441510d[2465] rt_sigaction(SIGCHLD, {0x562420345200, SA_RESTORER, 0x7f3f84415040, [SIGHUP|SIGINT|SIGQUIT|SIGILL|SIGTRAP|SIGABRT|SIGBUS|SIGFPE|SIGKILL|SIGUSR1|SIGSEGV|SIGPIPE|SIGUSR2|SIGALRM|SIGTERM|SIGCHLD|SIGCONT|SIGSTOP|SIGTSTP|SIGTTIN|SIGTTOU|SIGURG|SIGXCPU|SIGXFSZ|SIGVTALRM|SIGPROF|SIGWINCH|SIGIO/SIGPOLL|SIGPWR|SIGSYS]}, 0x0, 8) = 0
Tue Jul 13 20:48:32 2021.392559 sh@7f3f844bb967[2465] geteuid() = 0
Tue Jul 13 20:48:32 2021.392604 sh@7f3f844ec1f9[2465] brk(0x0) = 94713177944064
Tue Jul 13 20:48:32 2021.392618 sh@7f3f844ec1f9[2465] brk(0x56242155c000) = 94713178079232
Tue Jul 13 20:48:32 2021.392642 sh@7f3f844bb947[2465] getppid() = 2460
Tue Jul 13 20:48:32 2021.392655 sh@7f3f844e6cd2[2465] getcwd(0x56242153b5b0, 4096) = 57
Tue Jul 13 20:48:32 2021.392667 sh@7f3f844bb967[2465] geteuid() = 0
Tue Jul 13 20:48:32 2021.392674 sh@7f3f844bb987[2465] getegid() = 0
Tue Jul 13 20:48:32 2021.392684 sh@7f3f8441510d[2465] rt_sigaction(SIGINT, {NULL}, 0x7ffcf43fb610, 8) = 0
Tue Jul 13 20:48:32 2021.392702 sh@7f3f8441510d[2465] rt_sigaction(SIGINT, {0x562420345200, SA_RESTORER, 0x7f3f84415040, [SIGHUP|SIGINT|SIGQUIT|SIGILL|SIGTRAP|SIGABRT|SIGBUS|SIGFPE|SIGKILL|SIGUSR1|SIGSEGV|SIGPIPE|SIGUSR2|SIGALRM|SIGTERM|SIGCHLD|SIGCONT|SIGSTOP|SIGTSTP|SIGTTIN|SIGTTOU|SIGURG|SIGXCPU|SIGXFSZ|SIGVTALRM|SIGPROF|SIGWINCH|SIGIO/SIGPOLL|SIGPWR|SIGSYS]}, 0x0, 8) = 0
Tue Jul 13 20:48:32 2021.392713 sh@7f3f8441510d[2465] rt_sigaction(SIGQUIT, {NULL}, 0x7ffcf43fb610, 8) = 0
Tue Jul 13 20:48:32 2021.392721 sh@7f3f8441510d[2465] rt_sigaction(SIGQUIT, {SIG_DFL}, 0x0, 8) = 0
Tue Jul 13 20:48:32 2021.392729 sh@7f3f8441510d[2465] rt_sigaction(SIGTERM, {NULL}, 0x7ffcf43fb620, 8) = 0
Tue Jul 13 20:48:32 2021.392736 sh@7f3f8441510d[2465] rt_sigaction(SIGTERM, {SIG_DFL}, 0x0, 8) = 0
Tue Jul 13 20:48:32 2021.392756 sh@7f3f844ba8ec[2465] clone(CLONE_FS|CLONE_FILES|CLONE_SIGHAND|CLONE_PTRACE|CLONE_VFORK|CLONE_SYSVSEM|CLONE_SETTLS|CLONE_CHILD_CLEARTID|CLONE_DETACHED|CLONE_UNTRACED|CLONE_CHILD_SETTID|CLONE_NEWUTS|0xffffab2000001000|0xe0, 0x0, 0x7f3f849dc540, 0x7f3f849dc810) = 2466
Tue Jul 13 20:48:32 2021.392913 sh@7f3f844bac07[2466] execve("/tmp/experiment.sh", ["/tmp/experiment.sh"], ["SUDO_GID=1000", "MAIL=/var/mail/root", "LANGUAGE=en_CA:en", "USER=root", "HOME=/home/ubuntu", "COLORTERM=truecolor", "SUDO_UID=1000", "LOGNAME=root", "TERM=xterm-256color", "USERNAME=root", "PATH=/usr/local/sbin:/usr/local/bin:/usr/sbin:/usr/bin:/sbin:/bin:/snap/bin", "DISPLAY=:0", "LANG=en_CA.UTF-8", "LS_COLORS=rs=0:di=01;34:ln=01;36:mh=00:pi=40;33:so=01;35:do=01;35:bd=40;33;01:cd=40;33;01:or=40;31;01:mi=00:su=37;41:sg=30;43:ca=30;41:tw=30;42:ow=34;42:st=37;) = -8 (ENOEXEC)
Tue Jul 13 20:48:32 2021.392976 sh@7f3f844e5d5e[2466] openat(AT_FDCWD, "/tmp/experiment.sh", O_RDONLY|O_NOCTTY) = 3
Tue Jul 13 20:48:32 2021.392988 sh@7f3f844e6151[2466] read(3, 0x7ffcf43fb590, 128) = 19
Tue Jul 13 20:48:32 2021.393026 sh@7f0a0ac750a9[2466] execve("/bin/sh", ["/bin/sh", "/tmp/experiment.sh"], ["SUDO_GID=1000", "MAIL=/var/mail/root", "LANGUAGE=en_CA:en", "USER=root", "HOME=/home/ubuntu", "COLORTERM=truecolor", "SUDO_UID=1000", "LOGNAME=root", "TERM=xterm-256color", "USERNAME=root", "PATH=/usr/local/sbin:/usr/local/bin:/usr/sbin:/usr/bin:/sbin:/bin:/snap/bin", "DISPLAY=:0", "LANG=en_CA.UTF-8", "LS_COLORS=rs=0:di=01;34:ln=01;36:mh=00:pi=40;33:so=01;35:do=01;35:bd=40;33;01:cd=40;33;01:or=40;31;01:mi=00:su=37;41:sg=30;43:ca=30;41:tw=30;42:ow=34;42:st=37;)
Tue Jul 13 20:48:32 2021.393135 sh@7f0a0ac750a9[2466] brk(0x0) = 94238394736640
Tue Jul 13 20:48:32 2021.393166 sh@7f0a0ac6896e[2466] access("/etc/ld.so.nohwcap", F_OK) = -2 (ENOENT)
Tue Jul 13 20:48:32 2021.393183 sh@7f0a0ac76007[2466] access("/etc/ld.so.preload", R_OK) = -2 (ENOENT)
Tue Jul 13 20:48:32 2021.393196 sh@7f0a0ac75ebd[2466] openat(AT_FDCWD, "/etc/ld.so.cache", O_RDONLY|O_CLOEXEC) = 5
Tue Jul 13 20:48:32 2021.393208 sh@7f0a0ac75e23[2466] fstat(5, 0x7ffc34267b90) = 0
Tue Jul 13 20:48:32 2021.393218 sh@7f0a0ac76123[2466] mmap2(0x0, 77349, PROT_READ, MAP_PRIVATE, 5, 0) = 0x7f0a0ae6f000
Tue Jul 13 20:48:32 2021.393229 sh@7f0a0ac760b7[2466] close(5) = 0
Tue Jul 13 20:48:32 2021.393240 sh@7f0a0ac712d9[2466] access("/etc/ld.so.nohwcap", F_OK) = -2 (ENOENT)
Tue Jul 13 20:48:32 2021.393254 sh@7f0a0ac75ebd[2466] openat(AT_FDCWD, "/lib/x86_64-linux-gnu/libc.so.6", O_RDONLY|O_CLOEXEC) = 5
Tue Jul 13 20:48:32 2021.393266 sh@7f0a0ac75f84[2466] read(5, 0x7ffc34267d58, 832) = 832
Tue Jul 13 20:48:32 2021.393275 sh@7f0a0ac75e23[2466] fstat(5, 0x7ffc34267bf0) = 0
Tue Jul 13 20:48:32 2021.393284 sh@7f0a0ac76123[2466] mmap2(0x0, 8192, PROT_READ|PROT_WRITE, MAP_PRIVATE|MAP_ANONYMOUS, -1, 0) = 0x7f0a0ae6d000
Tue Jul 13 20:48:32 2021.393297 sh@7f0a0ac76123[2466] mmap2(0x0, 4131552, PROT_READ|PROT_EXEC, MAP_PRIVATE|MAP_DENYWRITE, 5, 0) = 0x7f0a0a868000
Tue Jul 13 20:48:32 2021.393309 sh@7f0a0ac761d7[2466] mprotect(0x7f0a0aa4f000, 2097152, PROT_NONE) = 0
Tue Jul 13 20:48:32 2021.393323 sh@7f0a0ac76123[2466] mmap2(0x7f0a0ac4f000, 24576, PROT_READ|PROT_WRITE, MAP_PRIVATE|MAP_FIXED|MAP_DENYWRITE, 5, 1994752) = 0x7f0a0ac4f000
Tue Jul 13 20:48:32 2021.393340 sh@7f0a0ac76123[2466] mmap2(0x7f0a0ac55000, 15072, PROT_READ|PROT_WRITE, MAP_PRIVATE|MAP_FIXED|MAP_ANONYMOUS, -1, 0) = 0x7f0a0ac55000
Tue Jul 13 20:48:32 2021.393358 sh@7f0a0ac760b7[2466] close(5) = 0
Tue Jul 13 20:48:32 2021.393379 sh@7f0a0ac5a024[2466] arch_prctl(ARCH_SET_FS, 139681109304640) = 0
Tue Jul 13 20:48:32 2021.393429 sh@7f0a0ac761d7[2466] mprotect(0x7f0a0ac4f000, 16384, PROT_READ) = 0
Tue Jul 13 20:48:32 2021.393467 sh@7f0a0ac761d7[2466] mprotect(0x55b59530d000, 8192, PROT_READ) = 0
Tue Jul 13 20:48:32 2021.393482 sh@7f0a0ac761d7[2466] mprotect(0x7f0a0ae82000, 4096, PROT_READ) = 0
Tue Jul 13 20:48:32 2021.393495 sh@7f0a0ac761b7[2466] munmap(0x7f0a0ae6f000, 77349) = 0
Tue Jul 13 20:48:32 2021.393546 sh@7f0a0a94d957[2466] getuid() = 0
Tue Jul 13 20:48:32 2021.393555 sh@7f0a0a94d977[2466] getgid() = 0
Tue Jul 13 20:48:32 2021.393562 sh@7f0a0a94d937[2466] getpid() = 2466
Tue Jul 13 20:48:32 2021.393581 sh@7f0a0a8a710d[2466] rt_sigaction(SIGCHLD, {0x55b595104200, SA_RESTORER, 0x7f0a0a8a7040, [SIGHUP|SIGINT|SIGQUIT|SIGILL|SIGTRAP|SIGABRT|SIGBUS|SIGFPE|SIGKILL|SIGUSR1|SIGSEGV|SIGPIPE|SIGUSR2|SIGALRM|SIGTERM|SIGCHLD|SIGCONT|SIGSTOP|SIGTSTP|SIGTTIN|SIGTTOU|SIGURG|SIGXCPU|SIGXFSZ|SIGVTALRM|SIGPROF|SIGWINCH|SIGIO/SIGPOLL|SIGPWR|SIGSYS]}, 0x0, 8) = 0
Tue Jul 13 20:48:32 2021.393593 sh@7f0a0a94d967[2466] geteuid() = 0
Tue Jul 13 20:48:32 2021.393655 sh@7f0a0a97e1f9[2466] brk(0x0) = 94238394736640
Tue Jul 13 20:48:32 2021.393668 sh@7f0a0a97e1f9[2466] brk(0x55b5960cf000) = 94238394871808
Tue Jul 13 20:48:32 2021.393704 sh@7f0a0a94d947[2466] getppid() = 2465
Tue Jul 13 20:48:32 2021.393717 sh@7f0a0a977845[2466] stat("/home/ubuntu/Desktop/ransomware-detection/analyzer_linux", 0x7ffc34268330) = 0
Tue Jul 13 20:48:32 2021.393731 sh@7f0a0a977845[2466] stat(".", 0x7ffc342683c0) = 0
Tue Jul 13 20:48:32 2021.393742 sh@7f0a0a977d5e[2466] openat(AT_FDCWD, "/tmp/experiment.sh", O_RDONLY) = 5
Tue Jul 13 20:48:32 2021.393768 sh@7f0a0a9786c1[2466] fcntl(5, F_DUPFD, 0xa) = 10
Tue Jul 13 20:48:32 2021.393777 sh@7f0a0a9789a4[2466] close(5) = 0
Tue Jul 13 20:48:32 2021.393785 sh@7f0a0a9786c1[2466] fcntl(10, F_SETFD, 0x1) = 0
Tue Jul 13 20:48:32 2021.393792 sh@7f0a0a94d967[2466] geteuid() = 0
Tue Jul 13 20:48:32 2021.393799 sh@7f0a0a94d987[2466] getegid() = 0
Tue Jul 13 20:48:32 2021.393808 sh@7f0a0a8a710d[2466] rt_sigaction(SIGINT, {NULL}, 0x7ffc342682a0, 8) = 0
Tue Jul 13 20:48:32 2021.393825 sh@7f0a0a8a710d[2466] rt_sigaction(SIGINT, {0x55b595104200, SA_RESTORER, 0x7f0a0a8a7040, [SIGHUP|SIGINT|SIGQUIT|SIGILL|SIGTRAP|SIGABRT|SIGBUS|SIGFPE|SIGKILL|SIGUSR1|SIGSEGV|SIGPIPE|SIGUSR2|SIGALRM|SIGTERM|SIGCHLD|SIGCONT|SIGSTOP|SIGTSTP|SIGTTIN|SIGTTOU|SIGURG|SIGXCPU|SIGXFSZ|SIGVTALRM|SIGPROF|SIGWINCH|SIGIO/SIGPOLL|SIGPWR|SIGSYS]}, 0x0, 8) = 0
Tue Jul 13 20:48:32 2021.393837 sh@7f0a0a8a710d[2466] rt_sigaction(SIGQUIT, {NULL}, 0x7ffc342682a0, 8) = 0
Tue Jul 13 20:48:32 2021.393844 sh@7f0a0a8a710d[2466] rt_sigaction(SIGQUIT, {SIG_DFL}, 0x0, 8) = 0
Tue Jul 13 20:48:32 2021.393852 sh@7f0a0a8a710d[2466] rt_sigaction(SIGTERM, {NULL}, 0x7ffc342682b0, 8) = 0
Tue Jul 13 20:48:32 2021.393859 sh@7f0a0a8a710d[2466] rt_sigaction(SIGTERM, {SIG_DFL}, 0x0, 8) = 0
Tue Jul 13 20:48:32 2021.393868 sh@7f0a0a978151[2466] read(10, 0x55b59530fa60, 8192) = 19
Tue Jul 13 20:48:32 2021.393886 sh@7f0a0a978224[2466] write(1, "Hello World\n", 12) = 12
Tue Jul 13 20:48:32 2021.394094 sh@7f0a0a978151[2466] read(10, 0x55b59530fa60, 8192) = 0
Tue Jul 13 20:48:32 2021.394119 sh@7f0a0a94cbd6[2466] exit_group(0)
Tue Jul 13 20:48:32 2021.392837 sh@7f3f844ba53a[2465] wait4(-1, 0x7ffcf43fb4fc, 0x0, 0x0) = 2466
Tue Jul 13 20:48:32 2021.394236 sh@7f3f844babd6[2465] exit_group(0)
